Build started 25-11-2015 14:24:19.
     1>Project "C:\Users\Albert\Documents\GitHub\Containing\Containing\Containing\Containing.vcxproj" on node 2 (Build target(s)).
     1>ClCompile:
         D:\Program Files (x86)\Microsoft Visual Studio 14.0\VC\bin\CL.exe /c /ZI /nologo /W3 /WX- /sdl /Od /Oy- /D WIN32 /D _DEBUG /D _CONSOLE /D _LIB /D _UNICODE /D UNICODE /Gm /EHsc /RTC1 /MDd /GS /fp:precise /Zc:wchar_t /Zc:forScope /Zc:inline /Yu"stdafx.h" /Fp"Debug\Containing.pch" /Fo"Debug\\" /Fd"Debug\vc140.pdb" /Gd /TP /analyze- /errorReport:prompt Client.cpp
         Client.cpp
       Link:
         D:\Program Files (x86)\Microsoft Visual Studio 14.0\VC\bin\link.exe /ERRORREPORT:PROMPT /OUT:"C:\Users\Albert\Documents\GitHub\Containing\Containing\Containing\Debug\Containing.exe" /INCREMENTAL /NOLOGO kernel32.lib user32.lib gdi32.lib winspool.lib comdlg32.lib advapi32.lib shell32.lib ole32.lib oleaut32.lib uuid.lib odbc32.lib odbccp32.lib /MANIFEST /MANIFESTUAC:"level='asInvoker' uiAccess='false'" /manifest:embed /Debug /PDB:"C:\Users\Albert\Documents\GitHub\Containing\Containing\Containing\Debug\Containing.pdb" /SUBSYSTEM:CONSOLE /TLBID:1 /DYNAMICBASE /NXCOMPAT /IMPLIB:"C:\Users\Albert\Documents\GitHub\Containing\Containing\Containing\Debug\Containing.lib" /MACHINE:X86 Debug\Afstandberekenaar.obj
         Debug\Client.obj
         Debug\Container.obj
         Debug\Containing.obj
         Debug\Schip.obj
         Debug\Server.obj
         Debug\sockets.obj
         Debug\stdafx.obj
         Debug\Trein.obj
         Debug\Voertuig.obj
         Debug\Vrachtwagen.obj
         Debug\XMLreader.obj
     1>Server.obj : error LNK2005: _main already defined in Containing.obj
     1>LINK : warning LNK4067: ambiguous entry point; selected 'mainCRTStartup'
     1>C:\Users\Albert\Documents\GitHub\Containing\Containing\Containing\Debug\Containing.exe : fatal error LNK1169: one or more multiply defined symbols found
     1>Done Building Project "C:\Users\Albert\Documents\GitHub\Containing\Containing\Containing\Containing.vcxproj" (Build target(s)) -- FAILED.

Build FAILED.

Time Elapsed 00:00:02.44
